Opened all files
Start time: 2020-09-18 09:29:55.771571
Running: osversion.py
End time: 2020-09-18 09:29:55.771571
Total time: 0:00:00

Opened all files
Start time: 2020-09-18 09:31:38.357131
Running: osversion.py
Opened all files
Start time: 2020-09-18 09:31:57.962251
Running: osversion.py
End time: 2020-09-18 09:31:57.962251
Total time: 0:00:00

Opened all files
Start time: 2020-09-18 09:43:14.341217
Running: osversion.py
End time: 2020-09-18 09:43:14.341217
Total time: 0:00:00

Opened all files
csv now initialized
Start time: 2020-09-18 09:45:41.375500
Running: osversion.py
End time: 2020-09-18 09:45:41.375500
Total time: 0:00:00

Opened all files
csv now initialized
Start time: 2020-09-18 15:39:05.753972
Running: osversion.py
End time: 2020-09-18 15:39:05.764097
Total time: 0:00:00.010125

Opened all files
csv now initialized
Start time: 2020-09-18 15:41:19.865112
Running: osversion.py
 - Get OS and OS version
   - Microsoft Windows 10 Home
Opened all files
csv now initialized
Start time: 2020-09-18 15:42:43.369062
Running: osversion.py
 - Get OS and OS version
   - Microsoft Windows 10 Home
End time: 2020-09-18 15:42:43.500972
Total time: 0:00:00.131910

Opened all files
csv now initialized
Start time: 2020-09-18 15:47:24.332603
Running: osversion.py
 - Get OS and OS version
   - Microsoft Windows 10 Home
End time: 2020-09-18 15:47:24.525446
Total time: 0:00:00.192843

Opened all files
csv now initialized
Start time: 2020-09-18 15:50:31.884597
Running: osversion.py
 - Get OS and OS version
   - 
End time: 2020-09-18 15:50:32.126061
Total time: 0:00:00.241464

Opened all files
csv now initialized
Start time: 2020-09-18 15:51:34.773498
Running: osversion.py
 - Get OS and OS version
   - 
End time: 2020-09-18 15:51:34.888234
Total time: 0:00:00.118010

Opened all files
csv now initialized
Start time: 2020-09-18 15:51:41.868383
Running: osversion.py
 - Get OS and OS version
   - 
End time: 2020-09-18 15:51:41.966306
Total time: 0:00:00.097923

Opened all files
csv now initialized
Start time: 2020-09-18 15:52:01.853662
Running: osversion.py
 - Get OS and OS version
   - DAVIDECASTELLAN
   - DAVIDECASTELLAN
   - DAVIDECASTELLAN
End time: 2020-09-18 15:52:02.064757
Total time: 0:00:00.211095

Opened all files
csv now initialized
Start time: 2020-09-18 15:52:01.884276
Running: osversion.py
 - Get OS and OS version
   - DAVIDECASTELLAN
   - DAVIDECASTELLAN
   - DAVIDECASTELLAN
End time: 2020-09-18 15:52:02.108120
Total time: 0:00:00.223844

Opened all files
csv now initialized
Start time: 2020-09-18 15:52:22.136263
Running: osversion.py
 - Get OS and OS version
   - DAVIDECASTELLAN
   - DAVIDECASTELLAN
   - DAVIDECASTELLAN
End time: 2020-09-18 15:52:22.440335
Total time: 0:00:00.304072

Opened all files
csv now initialized
Start time: 2020-09-18 15:53:11.281785
Running: osversion.py
 - Get OS and OS version
   - DAVIDECASTELLAN
   - DAVIDECASTELLAN
   - DAVIDECASTELLAN
End time: 2020-09-18 15:53:11.561232
Total time: 0:00:00.279447

Opened all files
csv now initialized
Start time: 2020-09-18 15:53:23.900018
Running: osversion.py
 - Get OS and OS version
   - DAVIDECASTELLAN
   - DAVIDECASTELLAN
   - DAVIDECASTELLAN
End time: 2020-09-18 15:53:24.176168
Total time: 0:00:00.276150

Opened all files
csv now initialized
Start time: 2020-09-18 15:53:36.678212
Running: osversion.py
 - Get OS and OS version
   - DAVIDECASTELLAN
   - DAVIDECASTELLAN
   - DAVIDECASTELLAN
End time: 2020-09-18 15:53:36.982148
Total time: 0:00:00.303936

Opened all files
csv now initialized
Start time: 2020-09-18 15:54:37.938713
Running: osversion.py
 - Get OS and OS version
   - DAVIDECASTELLAN
   - DAVIDECASTELLAN
   - DAVIDECASTELLAN
End time: 2020-09-18 15:54:38.242675
Total time: 0:00:00.304965

Opened all files
csv now initialized
Start time: 2020-09-18 15:54:53.300904
Running: osversion.py
 - Get OS and OS version
   - DAVIDECASTELLAN
   - DAVIDECASTELLAN
   - DAVIDECASTELLAN
End time: 2020-09-18 15:54:53.527992
Total time: 0:00:00.227088

Opened all files
csv now initialized
Start time: 2020-09-18 15:56:38.215983
Running: osversion.py
 - Get OS and OS version
   - DAVIDECASTELLAN
   - DAVIDECASTELLAN
   - DAVIDECASTELLAN
End time: 2020-09-18 15:56:38.478717
Total time: 0:00:00.262734

Opened all files
csv now initialized
Start time: 2020-09-18 15:57:31.886518
Running: osversion.py
 - Get OS and OS version
   - DAVIDECASTELLAN
   - DAVIDECASTELLAN
   - DAVIDECASTELLAN
End time: 2020-09-18 15:57:32.192698
Total time: 0:00:00.306180

Opened all files
csv now initialized
Start time: 2020-09-18 15:57:53.751583
Running: osversion.py
 - Get OS and OS version
   - DAVIDECASTELLAN
   - DAVIDECASTELLAN
   - DAVIDECASTELLAN
End time: 2020-09-18 15:57:54.043176
Total time: 0:00:00.291593

Opened all files
csv now initialized
Start time: 2020-09-18 15:59:18.328172
Running: osversion.py
 - Get OS and OS version
   - My PC, debug option
End time: 2020-09-18 15:59:18.458375
Total time: 0:00:00.130203

Opened all files
csv now initialized
Start time: 2020-09-18 16:00:10.466743
Running: osversion.py
 - Get OS and OS version
   - My PC, debug option
End time: 2020-09-18 16:00:10.541893
Total time: 0:00:00.076147

Opened all files
csv now initialized
Start time: 2020-09-18 16:09:05.994890
Running: osversion.py
 - Get OS and OS version
   - My PC, debug option
End time: 2020-09-18 16:09:06.257136
Total time: 0:00:00.262246

Opened all files
csv now initialized
Start time: 2020-09-18 16:09:34.788699
Running: osversion.py
 - Get OS and OS version in:
   - My PC, debug option
End time: 2020-09-18 16:09:34.866763
Total time: 0:00:00.078064

Opened all files
csv now initialized
Start time: 2020-09-18 16:10:01.705748
Running: osversion.py
 - Get OS and OS version in:
   - My PC, debug option
End time: 2020-09-18 16:10:01.837751
Total time: 0:00:00.132003

Opened all files
csv now initialized
Start time: 2020-09-18 16:16:29.242075
Running: osversion.py
 - Get OS and OS version in:
   - My PC, debug option
End time: 2020-09-18 16:16:29.332831
Total time: 0:00:00.090756

Opened all files
csv now initialized
Start time: 2020-09-19 16:58:15.843718
Running: osversion.py
 - Get OS and OS version in:
   - My PC, debug option
End time: 2020-09-19 16:58:16.153905
Total time: 0:00:00.310187

Opened all files
csv now initialized
Start time: 2020-09-21 15:26:49.945726
Running: osversion.py
 - Get OS and OS version in:
   - My PC, debug option
End time: 2020-09-21 15:26:50.091469
Total time: 0:00:00.145743

Opened all files and database connected
Start time: 2020-09-21 16:29:26.579973
Running: osversion.py
csv now initialized
database now initialized
 - Get OS and OS version in:
   - My PC, debug option
End time: 2020-09-21 16:29:26.727327
Total time: 0:00:00.147354

Opened all files and database connected
Start time: 2020-09-21 16:30:14.450275
Running: osversion.py
csv now initialized
database now initialized
 - Get OS and OS version in:
   - My PC, debug option
End time: 2020-09-21 16:30:14.547474
Total time: 0:00:00.097199

Opened all files and database connected
Start time: 2020-09-21 16:30:36.847922
Running: osversion.py
csv now initialized
database now initialized
 - Get OS and OS version in:
   - My PC, debug option
End time: 2020-09-21 16:30:36.948011
Total time: 0:00:00.100089

Opened all files and database connected
Start time: 2020-09-21 16:36:07.869332
Running: osversion.py
csv now initialized
database now initialized
 - Get OS and OS version in:
   - My PC, debug option
End time: 2020-09-21 16:36:07.983284
Total time: 0:00:00.113952

Opened all files and database connected
Start time: 2020-09-22 14:57:46.011385
Running: osversion.py
csv now initialized
database now initialized
 - Get OS and OS version in:
   - My PC, debug option
End time: 2020-09-22 14:57:46.229021
Total time: 0:00:00.217636

Opened all files and database connected
Start time: 2020-09-22 15:08:44.993463
Running: osversion.py
csv now initialized
database now initialized
 - Get OS and OS version in:
   - My PC, debug option
End time: 2020-09-22 15:08:45.100023
Total time: 0:00:00.106560

Opened all files and database connected
Start time: 2020-09-22 15:13:23.943680
Running: osversion.py
csv now initialized
database now initialized
 - Get OS and OS version in:
   - My PC, debug option
End time: 2020-09-22 15:13:24.047096
Total time: 0:00:00.103416

Opened all files and database connected
Start time: 2020-09-22 15:14:03.018679
Running: osversion.py
csv now initialized
database now initialized
 - Get OS and OS version in:
   - My PC, debug option
End time: 2020-09-22 15:14:03.112334
Total time: 0:00:00.093655

Opened all files and database connected
Start time: 2020-09-22 15:14:36.157141
Running: osversion.py
csv now initialized
database now initialized
 - Get OS and OS version in:
   - My PC, debug option
End time: 2020-09-22 15:14:36.248081
Total time: 0:00:00.090940

Opened all files and database connected
Start time: 2020-09-22 15:15:02.797065
Running: osversion.py
csv now initialized
database now initialized
 - Get OS and OS version in:
   - My PC, debug option
End time: 2020-09-22 15:15:02.885777
Total time: 0:00:00.088712

Opened all files and database connected
Start time: 2020-09-22 15:15:41.540114
Running: osversion.py
csv now initialized
database now initialized
 - Get OS and OS version in:
   - My PC, debug option
Opened all files and database connected
Start time: 2020-09-22 15:16:06.336027
Running: osversion.py
csv now initialized
database now initialized
 - Get OS and OS version in:
   - My PC, debug option
End time: 2020-09-22 15:16:06.414501
Total time: 0:00:00.078474

Opened all files and database connected
Start time: 2020-09-22 15:16:14.792340
Running: osversion.py
csv now initialized
database now initialized
 - Get OS and OS version in:
   - My PC, debug option
End time: 2020-09-22 15:16:14.962041
Total time: 0:00:00.169701

Opened all files and database connected
Start time: 2020-09-22 15:16:26.547199
Running: osversion.py
csv now initialized
database now initialized
 - Get OS and OS version in:
   - My PC, debug option
End time: 2020-09-22 15:16:26.626578
Total time: 0:00:00.079379

Opened all files and database connected
Start time: 2020-09-22 15:16:36.544668
Running: osversion.py
csv now initialized
database now initialized
 - Get OS and OS version in:
   - My PC, debug option
End time: 2020-09-22 15:16:36.730844
Total time: 0:00:00.186176

Opened all files and database connected
Start time: 2020-09-22 15:17:00.628650
Running: osversion.py
csv now initialized
database now initialized
 - Get OS and OS version in:
   - My PC, debug option
End time: 2020-09-22 15:17:00.709117
Total time: 0:00:00.080467

Opened all files and database connected
Start time: 2020-09-22 15:17:16.438610
Running: osversion.py
csv now initialized
database now initialized
 - Get OS and OS version in:
   - My PC, debug option
End time: 2020-09-22 15:17:16.518048
Total time: 0:00:00.079438

Opened all files and database connected
Start time: 2020-09-24 16:36:07.849694
Running: osversion.py
csv now initialized
database now initialized
 - Get OS and OS version in:
   - My PC, debug option
End time: 2020-09-24 16:36:07.966662
Total time: 0:00:00.116968

Opened all files and database connected
Start time: 2020-09-24 16:41:30.649031
Running: osversion.py
csv now initialized
database now initialized
 - Get OS and OS version in:
   - DAVIDECASTELLAN
   - DAVIDECASTELLAN
   - DAVIDECASTELLAN
End time: 2020-09-24 16:41:30.973913
Total time: 0:00:00.324882

Opened all files and database connected
Start time: 2020-09-24 16:42:35.187752
Running: osversion.py
csv now initialized
database now initialized
 - Get OS and OS version in:
   - DAVIDECASTELLAN
   - DAVIDECASTELLAN
   - DAVIDECASTELLAN
End time: 2020-09-24 16:42:35.507932
Total time: 0:00:00.320180

